<?xml version="1.0" encoding="UTF-8"?>
<testng-results ignored="3" total="7" passed="4" failed="0" skipped="0">
  <reporter-output>
  </reporter-output>
  <suite started-at="2024-09-13T18:10:41 IST" name="Suite" finished-at="2024-09-13T18:10:42 IST" duration-ms="155">
    <groups>
      <group name="smoke">
        <method signature="ClassA.home()[pri:0, instance:testNG.ClassA@61862a7f]" name="home" class="testNG.ClassA"/>
        <method signature="ClassA.login()[pri:0, instance:testNG.ClassA@61862a7f]" name="login" class="testNG.ClassA"/>
        <method signature="ClassC.createdBoardPage()[pri:0, instance:testNG.ClassC@333291e3]" name="createdBoardPage" class="testNG.ClassC"/>
        <method signature="ClassC.deleteBoardPage()[pri:0, instance:testNG.ClassC@333291e3]" name="deleteBoardPage" class="testNG.ClassC"/>
      </group> <!-- smoke -->
      <group name="functionality">
        <method signature="ClassA.home()[pri:0, instance:testNG.ClassA@61862a7f]" name="home" class="testNG.ClassA"/>
      </group> <!-- functionality -->
    </groups>
    <test started-at="2024-09-13T18:10:41 IST" name="Test" finished-at="2024-09-13T18:10:42 IST" duration-ms="155">
      <class name="testNG.ClassA">
        <test-method signature="home()[pri:0, instance:testNG.ClassA@61862a7f]" started-at="2024-09-13T18:10:42 IST" name="home" finished-at="2024-09-13T18:10:42 IST" duration-ms="2" status="PASS">
          <reporter-output>
          </reporter-output>
        </test-method> <!-- home -->
        <test-method signature="login()[pri:0, instance:testNG.ClassA@61862a7f]" started-at="2024-09-13T18:10:42 IST" name="login" finished-at="2024-09-13T18:10:42 IST" duration-ms="2" status="PASS">
          <reporter-output>
          </reporter-output>
        </test-method> <!-- login -->
      </class> <!-- testNG.ClassA -->
      <class name="testNG.ClassC">
        <test-method signature="createdBoardPage()[pri:0, instance:testNG.ClassC@333291e3]" started-at="2024-09-13T18:10:42 IST" name="createdBoardPage" finished-at="2024-09-13T18:10:42 IST" duration-ms="24" status="PASS">
          <reporter-output>
          </reporter-output>
        </test-method> <!-- createdBoardPage -->
        <test-method signature="deleteBoardPage()[pri:0, instance:testNG.ClassC@333291e3]" started-at="2024-09-13T18:10:42 IST" name="deleteBoardPage" finished-at="2024-09-13T18:10:42 IST" duration-ms="6" status="PASS">
          <reporter-output>
          </reporter-output>
        </test-method> <!-- deleteBoardPage -->
      </class> <!-- testNG.ClassC -->
    </test> <!-- Test -->
  </suite> <!-- Suite -->
</testng-results>
