<?xml version="1.0" encoding="UTF-8"?>
<!-- Generated by org.testng.reporters.JUnitXMLReporter -->
<testsuite ignored="3" hostname="LAPTOP-O2HJQ38M" failures="0" tests="4" name="Test" time="0.155" errors="0" timestamp="2024-09-13T18:10:42 IST">
  <testcase classname="testNG.ClassC" name="createdBoardPage" time="0.024"/>
  <testcase classname="testNG.ClassC" name="deleteBoardPage" time="0.006"/>
  <testcase classname="testNG.ClassA" name="home" time="0.002"/>
  <testcase classname="testNG.ClassA" name="login" time="0.002"/>
  <testcase classname="testNG.ClassA" name="logout" time="0.0">
    <ignored/>
  </testcase> <!-- logout -->
  <testcase classname="testNG.ClassB" name="boardspage" time="0.0">
    <ignored/>
  </testcase> <!-- boardspage -->
  <testcase classname="testNG.ClassB" name="loginToContinuepage" time="0.0">
    <ignored/>
  </testcase> <!-- loginToContinuepage -->
</testsuite> <!-- Test -->
